<?xml version="1.0" encoding="UTF-8"?>
<!-- Generated by org.testng.reporters.JUnitReportReporter -->
<testsuite hostname="LAPTOP-SP4PVLF4" failures="0" tests="2" name="restassured.restassured" time="3.193" errors="0" timestamp="14 Nov 2022 21:00:06 GMT">
  <testcase classname="restassured.restassured" name="create" time="2.980"/>
  <testcase classname="restassured.restassured" name="test" time="0.213"/>
</testsuite> <!-- restassured.restassured -->
