<?xml version="1.0" encoding="UTF-8"?>
<!-- Generated by org.testng.reporters.JUnitReportReporter -->
<testsuite hostname="LAPTOP-SP4PVLF4" failures="0" tests="1" name="restassured.googlemaps" time="4.248" errors="0" timestamp="15 Nov 2022 17:16:17 GMT">
  <testcase classname="restassured.googlemaps" name="add" time="4.248"/>
</testsuite> <!-- restassured.googlemaps -->
