<?xml version="1.0" encoding="UTF-8"?>
<!-- Generated by org.testng.reporters.JUnitReportReporter -->
<testsuite hostname="LAPTOP-SP4PVLF4" failures="0" tests="2" name="restassured.trello" time="5.186" errors="0" timestamp="28 Nov 2022 22:22:46 GMT">
  <testcase classname="restassured.trello" name="createBoard" time="4.548"/>
  <testcase classname="restassured.trello" name="getaboard" time="0.638"/>
</testsuite> <!-- restassured.trello -->
